build/app/outputs/mapping/release/mapping.txt
# compiler: R8
# compiler_version: 1.5.64
# min_api: 21
# pg_map_id: bdc989a
...
io.flutter.plugin.common.PluginRegistry$ActivityResultListener -> b.a.c.a.k:
    boolean onActivityResult(int,int,android.content.Intent) -> a
io.flutter.plugin.common.PluginRegistry$NewIntentListener -> b.a.c.a.l:
    boolean onNewIntent(android.content.Intent) -> a
io.flutter.plugin.common.PluginRegistry$Registrar -> b.a.c.a.m:
    io.flutter.plugin.common.PluginRegistry$Registrar addActivityResultListener(io.flutter.plugin.common.PluginRegistry$ActivityResultListener) -> a
    io.flutter.plugin.common.PluginRegistry$Registrar addRequestPermissionsResultListener(io.flutter.plugin.common.PluginRegistry$RequestPermissionsResultListener) -> a
io.flutter.plugin.common.PluginRegistry$RequestPermissionsResultListener -> b.a.c.a.n:
    boolean onRequestPermissionsResult(int,java.lang.String[],int[]) -> a
io.flutter.plugin.common.PluginRegistry$UserLeaveHintListener -> b.a.c.a.o:
    void onUserLeaveHint() -> a
io.flutter.plugin.common.StandardMessageCodec -> b.a.c.a.p:
    java.nio.charset.Charset UTF8 -> c
    io.flutter.plugin.common.StandardMessageCodec INSTANCE -> a
    boolean LITTLE_ENDIAN -> b
    java.lang.Object decodeMessage(java.nio.ByteBuffer) -> a
    java.nio.ByteBuffer encodeMessage(java.lang.Object) -> a
    void readAlignment(java.nio.ByteBuffer,int) -> a
    java.lang.Object readValueOfType(byte,java.nio.ByteBuffer) -> a
    void writeAlignment(java.io.ByteArrayOutputStream,int) -> a
    void writeBytes(java.io.ByteArrayOutputStream,byte[]) -> a
    void writeDouble(java.io.ByteArrayOutputStream,double) -> a
    void writeLong(java.io.ByteArrayOutputStream,long) -> a
    void writeValue(java.io.ByteArrayOutputStream,java.lang.Object) -> a
    java.lang.Object readValue(java.nio.ByteBuffer) -> b
    void writeChar(java.io.ByteArrayOutputStream,int) -> b
    byte[] readBytes(java.nio.ByteBuffer) -> c
    void writeInt(java.io.ByteArrayOutputStream,int) -> c
    int readSize(java.nio.ByteBuffer) -> d
    void writeSize(java.io.ByteArrayOutputStream,int) -> d
io.flutter.plugin.common.StandardMessageCodec$ExposedByteArrayOutputStream -> b.a.c.a.p$a:
    byte[] buffer() -> a
io.flutter.plugin.common.StandardMethodCodec -> b.a.c.a.q:
    io.flutter.plugin.common.StandardMessageCodec messageCodec -> a
    io.flutter.plugin.common.StandardMethodCodec INSTANCE -> b
    io.flutter.plugin.common.MethodCall decodeMethodCall(java.nio.ByteBuffer) -> a
    java.nio.ByteBuffer encodeErrorEnvelope(java.lang.String,java.lang.String,java.lang.Object) -> a
    java.nio.ByteBuffer encodeErrorEnvelopeWithStacktrace(java.lang.String,java.lang.String,java.lang.Object,java.lang.String) -> a
    java.nio.ByteBuffer encodeMethodCall(io.flutter.plugin.common.MethodCall) -> a
    java.nio.ByteBuffer encodeSuccessEnvelope(java.lang.Object) -> a
    java.lang.String getStackTrace(java.lang.Throwable) -> a
    java.lang.Object decodeEnvelope(java.nio.ByteBuffer) -> b
io.flutter.plugin.common.StringCodec -> b.a.c.a.r:
    java.nio.charset.Charset UTF8 -> a
    io.flutter.plugin.common.StringCodec INSTANCE -> b
    java.lang.Object decodeMessage(java.nio.ByteBuffer) -> a
    java.lang.String decodeMessage(java.nio.ByteBuffer) -> a
    java.nio.ByteBuffer encodeMessage(java.lang.Object) -> a
    java.nio.ByteBuffer encodeMessage(java.lang.String) -> a
io.flutter.plugin.editing.FlutterTextUtils -> io.flutter.plugin.editing.a:
    io.flutter.embedding.engine.FlutterJNI flutterJNI -> a
    int getOffsetAfter(java.lang.CharSequence,int) -> a
    boolean isEmoji(int) -> a
    int getOffsetBefore(java.lang.CharSequence,int) -> b
    boolean isEmojiModifier(int) -> b
    boolean isEmojiModifierBase(int) -> c
    boolean isKeycapBase(int) -> d
    boolean isRegionalIndicatorSymbol(int) -> e
    boolean isTagSpecChar(int) -> f
    boolean isVariationSelector(int) -> g